<?xml version="1.0" encoding="UTF-8"?>
<testng-results skipped="0" failed="0" total="1" passed="1">
  <reporter-output>
  </reporter-output>
  <suite name="Command line suite" duration-ms="15" started-at="2016-04-08T13:00:03Z" finished-at="2016-04-08T13:00:03Z">
    <groups>
    </groups>
    <test name="Command line test" duration-ms="15" started-at="2016-04-08T13:00:03Z" finished-at="2016-04-08T13:00:03Z">
      <class name="com.mycompany.app.AppTest">
        <test-method status="PASS" signature="testApp()[pri:0, instance:testApp(com.mycompany.app.AppTest)]" name="testApp" duration-ms="0" started-at="2016-04-08T09:00:03Z" finished-at="2016-04-08T09:00:03Z">
          <reporter-output>
          </reporter-output>
        </test-method> <!-- testApp -->
      </class> <!-- com.mycompany.app.AppTest -->
    </test> <!-- Command line test -->
  </suite> <!-- Command line suite -->
</testng-results>
